2017-01-16 17:46:27.175  INFO 15084 --- [main] com.cnotes.CommonDataServiceApplication  : Starting CommonDataServiceApplication on PC201503122008 with PID 15084 (D:\CNotesCode\CommonDataService\target\classes started by Administrator in D:\CNotesCode\CommonDataService)
2017-01-16 17:46:27.179 DEBUG 15084 --- [main] com.cnotes.CommonDataServiceApplication  : Running with Spring Boot v1.4.3.RELEASE, Spring v4.3.5.RELEASE
2017-01-16 17:46:27.180  INFO 15084 --- [main] com.cnotes.CommonDataServiceApplication  : The following profiles are active: dev
2017-01-16 17:46:27.289  INFO 15084 --- [main] s.c.a.AnnotationConfigApplicationContext : Refreshing org.springframework.context.annotation.AnnotationConfigApplicationContext@2c78324b: startup date [Mon Jan 16 17:46:27 CST 2017]; root of context hierarchy
2017-01-16 17:46:28.067  INFO 15084 --- [main] .s.d.r.c.RepositoryConfigurationDelegate : Multiple Spring Data modules found, entering strict repository configuration mode!
2017-01-16 17:46:28.248  INFO 15084 --- [main] .s.d.r.c.RepositoryConfigurationDelegate : Multiple Spring Data modules found, entering strict repository configuration mode!
2017-01-16 17:46:28.693  WARN 15084 --- [main] s.c.a.AnnotationConfigApplicationContext : Exception encountered during context initialization - cancelling refresh attempt: org.springframework.beans.factory.UnsatisfiedDependencyException: Error creating bean with name 'org.springframework.boot.autoconfigure.orm.jpa.HibernateJpaAutoConfiguration': Unsatisfied dependency expressed through constructor parameter 0; nested exception is org.springframework.beans.factory.BeanCreationException: Error creating bean with name 'dataSource' defined in class path resource [org/springframework/boot/autoconfigure/jdbc/DataSourceConfiguration$Tomcat.class]: Bean instantiation via factory method failed; nested exception is org.springframework.beans.BeanInstantiationException: Failed to instantiate [org.apache.tomcat.jdbc.pool.DataSource]: Factory method 'dataSource' threw exception; nested exception is org.springframework.boot.autoconfigure.jdbc.DataSourceProperties$DataSourceBeanCreationException: Cannot determine embedded database driver class for database type NONE. If you want an embedded database please put a supported one on the classpath. If you have database settings to be loaded from a particular profile you may need to active it (the profiles "dev" are currently active).
2017-01-16 17:46:28.700  INFO 15084 --- [main] utoConfigurationReportLoggingInitializer : 

Error starting ApplicationContext. To display the auto-configuration report re-run your application with 'debug' enabled.
2017-01-16 17:46:28.704 ERROR 15084 --- [main] o.s.b.d.LoggingFailureAnalysisReporter   : 

***************************
APPLICATION FAILED TO START
***************************

Description:

Cannot determine embedded database driver class for database type NONE

Action:

If you want an embedded database please put a supported one on the classpath. If you have database settings to be loaded from a particular profile you may need to active it (the profiles "dev" are currently active).

2017-01-16 17:46:53.974  INFO 7704 --- [main] com.cnotes.CommonDataServiceApplication  : Starting CommonDataServiceApplication on PC201503122008 with PID 7704 (D:\CNotesCode\CommonDataService\target\classes started by Administrator in D:\CNotesCode\CommonDataService)
2017-01-16 17:46:53.977 DEBUG 7704 --- [main] com.cnotes.CommonDataServiceApplication  : Running with Spring Boot v1.4.3.RELEASE, Spring v4.3.5.RELEASE
2017-01-16 17:46:53.977  INFO 7704 --- [main] com.cnotes.CommonDataServiceApplication  : The following profiles are active: dev
2017-01-16 17:46:54.079  INFO 7704 --- [main] s.c.a.AnnotationConfigApplicationContext : Refreshing org.springframework.context.annotation.AnnotationConfigApplicationContext@2c78324b: startup date [Mon Jan 16 17:46:54 CST 2017]; root of context hierarchy
2017-01-16 17:46:54.906  INFO 7704 --- [main] .s.d.r.c.RepositoryConfigurationDelegate : Multiple Spring Data modules found, entering strict repository configuration mode!
2017-01-16 17:46:55.034  INFO 7704 --- [main] .s.d.r.c.RepositoryConfigurationDelegate : Multiple Spring Data modules found, entering strict repository configuration mode!
2017-01-16 17:46:55.478  WARN 7704 --- [main] s.c.a.AnnotationConfigApplicationContext : Exception encountered during context initialization - cancelling refresh attempt: org.springframework.beans.factory.UnsatisfiedDependencyException: Error creating bean with name 'org.springframework.boot.autoconfigure.orm.jpa.HibernateJpaAutoConfiguration': Unsatisfied dependency expressed through constructor parameter 0; nested exception is org.springframework.beans.factory.BeanCreationException: Error creating bean with name 'dataSource' defined in class path resource [org/springframework/boot/autoconfigure/jdbc/DataSourceConfiguration$Tomcat.class]: Bean instantiation via factory method failed; nested exception is org.springframework.beans.BeanInstantiationException: Failed to instantiate [org.apache.tomcat.jdbc.pool.DataSource]: Factory method 'dataSource' threw exception; nested exception is org.springframework.boot.autoconfigure.jdbc.DataSourceProperties$DataSourceBeanCreationException: Cannot determine embedded database driver class for database type NONE. If you want an embedded database please put a supported one on the classpath. If you have database settings to be loaded from a particular profile you may need to active it (the profiles "dev" are currently active).
2017-01-16 17:46:55.485  INFO 7704 --- [main] utoConfigurationReportLoggingInitializer : 

Error starting ApplicationContext. To display the auto-configuration report re-run your application with 'debug' enabled.
2017-01-16 17:46:55.490 ERROR 7704 --- [main] o.s.b.d.LoggingFailureAnalysisReporter   : 

***************************
APPLICATION FAILED TO START
***************************

Description:

Cannot determine embedded database driver class for database type NONE

Action:

If you want an embedded database please put a supported one on the classpath. If you have database settings to be loaded from a particular profile you may need to active it (the profiles "dev" are currently active).

2017-01-16 17:47:19.151  INFO 8876 --- [main] com.cnotes.CommonDataServiceApplication  : Starting CommonDataServiceApplication on PC201503122008 with PID 8876 (D:\CNotesCode\CommonDataService\target\classes started by Administrator in D:\CNotesCode\CommonDataService)
2017-01-16 17:47:19.155  INFO 8876 --- [main] com.cnotes.CommonDataServiceApplication  : The following profiles are active: dev
2017-01-16 17:47:19.227  INFO 8876 --- [main] s.c.a.AnnotationConfigApplicationContext : Refreshing org.springframework.context.annotation.AnnotationConfigApplicationContext@3214ee6: startup date [Mon Jan 16 17:47:19 CST 2017]; root of context hierarchy
2017-01-16 17:47:19.890  INFO 8876 --- [main] .s.d.r.c.RepositoryConfigurationDelegate : Multiple Spring Data modules found, entering strict repository configuration mode!
2017-01-16 17:47:20.018  INFO 8876 --- [main] .s.d.r.c.RepositoryConfigurationDelegate : Multiple Spring Data modules found, entering strict repository configuration mode!
2017-01-16 17:47:20.436  WARN 8876 --- [main] s.c.a.AnnotationConfigApplicationContext : Exception encountered during context initialization - cancelling refresh attempt: org.springframework.beans.factory.UnsatisfiedDependencyException: Error creating bean with name 'org.springframework.boot.autoconfigure.orm.jpa.HibernateJpaAutoConfiguration': Unsatisfied dependency expressed through constructor parameter 0; nested exception is org.springframework.beans.factory.BeanCreationException: Error creating bean with name 'dataSource' defined in class path resource [org/springframework/boot/autoconfigure/jdbc/DataSourceConfiguration$Tomcat.class]: Bean instantiation via factory method failed; nested exception is org.springframework.beans.BeanInstantiationException: Failed to instantiate [org.apache.tomcat.jdbc.pool.DataSource]: Factory method 'dataSource' threw exception; nested exception is org.springframework.boot.autoconfigure.jdbc.DataSourceProperties$DataSourceBeanCreationException: Cannot determine embedded database driver class for database type NONE. If you want an embedded database please put a supported one on the classpath. If you have database settings to be loaded from a particular profile you may need to active it (the profiles "dev" are currently active).
2017-01-16 17:47:20.442  INFO 8876 --- [main] utoConfigurationReportLoggingInitializer : 

Error starting ApplicationContext. To display the auto-configuration report re-run your application with 'debug' enabled.
2017-01-16 17:47:20.446 ERROR 8876 --- [main] o.s.b.d.LoggingFailureAnalysisReporter   : 

***************************
APPLICATION FAILED TO START
***************************

Description:

Cannot determine embedded database driver class for database type NONE

Action:

If you want an embedded database please put a supported one on the classpath. If you have database settings to be loaded from a particular profile you may need to active it (the profiles "dev" are currently active).

2017-01-16 17:50:50.758  INFO 15224 --- [main] com.cnotes.CommonDataServiceApplication  : Starting CommonDataServiceApplication on PC201503122008 with PID 15224 (D:\CNotesCode\CommonDataService\target\classes started by Administrator in D:\CNotesCode\CommonDataService)
2017-01-16 17:50:50.766 DEBUG 15224 --- [main] com.cnotes.CommonDataServiceApplication  : Running with Spring Boot v1.4.3.RELEASE, Spring v4.3.5.RELEASE
2017-01-16 17:50:50.767  INFO 15224 --- [main] com.cnotes.CommonDataServiceApplication  : The following profiles are active: dev
2017-01-16 17:50:50.834  INFO 15224 --- [main] s.c.a.AnnotationConfigApplicationContext : Refreshing org.springframework.context.annotation.AnnotationConfigApplicationContext@2c78324b: startup date [Mon Jan 16 17:50:50 CST 2017]; root of context hierarchy
2017-01-16 17:50:51.479  INFO 15224 --- [main] .s.d.r.c.RepositoryConfigurationDelegate : Multiple Spring Data modules found, entering strict repository configuration mode!
2017-01-16 17:50:51.602  INFO 15224 --- [main] .s.d.r.c.RepositoryConfigurationDelegate : Multiple Spring Data modules found, entering strict repository configuration mode!
2017-01-16 17:50:52.038  WARN 15224 --- [main] s.c.a.AnnotationConfigApplicationContext : Exception encountered during context initialization - cancelling refresh attempt: org.springframework.beans.factory.UnsatisfiedDependencyException: Error creating bean with name 'org.springframework.boot.autoconfigure.orm.jpa.HibernateJpaAutoConfiguration': Unsatisfied dependency expressed through constructor parameter 0; nested exception is org.springframework.beans.factory.BeanCreationException: Error creating bean with name 'dataSource' defined in class path resource [org/springframework/boot/autoconfigure/jdbc/DataSourceConfiguration$Tomcat.class]: Bean instantiation via factory method failed; nested exception is org.springframework.beans.BeanInstantiationException: Failed to instantiate [org.apache.tomcat.jdbc.pool.DataSource]: Factory method 'dataSource' threw exception; nested exception is org.springframework.boot.autoconfigure.jdbc.DataSourceProperties$DataSourceBeanCreationException: Cannot determine embedded database driver class for database type NONE. If you want an embedded database please put a supported one on the classpath. If you have database settings to be loaded from a particular profile you may need to active it (the profiles "dev" are currently active).
2017-01-16 17:50:52.045  INFO 15224 --- [main] utoConfigurationReportLoggingInitializer : 

Error starting ApplicationContext. To display the auto-configuration report re-run your application with 'debug' enabled.
2017-01-16 17:50:52.050 ERROR 15224 --- [main] o.s.b.d.LoggingFailureAnalysisReporter   : 

***************************
APPLICATION FAILED TO START
***************************

Description:

Cannot determine embedded database driver class for database type NONE

Action:

If you want an embedded database please put a supported one on the classpath. If you have database settings to be loaded from a particular profile you may need to active it (the profiles "dev" are currently active).

2017-01-16 17:51:14.298  INFO 11944 --- [main] com.cnotes.CommonDataServiceApplication  : Starting CommonDataServiceApplication on PC201503122008 with PID 11944 (D:\CNotesCode\CommonDataService\target\classes started by Administrator in D:\CNotesCode\CommonDataService)
2017-01-16 17:51:14.302 DEBUG 11944 --- [main] com.cnotes.CommonDataServiceApplication  : Running with Spring Boot v1.4.3.RELEASE, Spring v4.3.5.RELEASE
2017-01-16 17:51:14.302  INFO 11944 --- [main] com.cnotes.CommonDataServiceApplication  : The following profiles are active: dev
2017-01-16 17:51:14.379  INFO 11944 --- [main] s.c.a.AnnotationConfigApplicationContext : Refreshing org.springframework.context.annotation.AnnotationConfigApplicationContext@a8ef162: startup date [Mon Jan 16 17:51:14 CST 2017]; root of context hierarchy
2017-01-16 17:51:15.042  INFO 11944 --- [main] .s.d.r.c.RepositoryConfigurationDelegate : Multiple Spring Data modules found, entering strict repository configuration mode!
2017-01-16 17:51:15.184  INFO 11944 --- [main] .s.d.r.c.RepositoryConfigurationDelegate : Multiple Spring Data modules found, entering strict repository configuration mode!
2017-01-16 17:51:15.575  WARN 11944 --- [main] s.c.a.AnnotationConfigApplicationContext : Exception encountered during context initialization - cancelling refresh attempt: org.springframework.beans.factory.UnsatisfiedDependencyException: Error creating bean with name 'org.springframework.boot.autoconfigure.orm.jpa.HibernateJpaAutoConfiguration': Unsatisfied dependency expressed through constructor parameter 0; nested exception is org.springframework.beans.factory.BeanCreationException: Error creating bean with name 'dataSource' defined in class path resource [org/springframework/boot/autoconfigure/jdbc/DataSourceConfiguration$Tomcat.class]: Bean instantiation via factory method failed; nested exception is org.springframework.beans.BeanInstantiationException: Failed to instantiate [org.apache.tomcat.jdbc.pool.DataSource]: Factory method 'dataSource' threw exception; nested exception is org.springframework.boot.autoconfigure.jdbc.DataSourceProperties$DataSourceBeanCreationException: Cannot determine embedded database driver class for database type NONE. If you want an embedded database please put a supported one on the classpath. If you have database settings to be loaded from a particular profile you may need to active it (the profiles "dev" are currently active).
2017-01-16 17:51:15.582  INFO 11944 --- [main] utoConfigurationReportLoggingInitializer : 

Error starting ApplicationContext. To display the auto-configuration report re-run your application with 'debug' enabled.
2017-01-16 17:51:15.586 ERROR 11944 --- [main] o.s.b.d.LoggingFailureAnalysisReporter   : 

***************************
APPLICATION FAILED TO START
***************************

Description:

Cannot determine embedded database driver class for database type NONE

Action:

If you want an embedded database please put a supported one on the classpath. If you have database settings to be loaded from a particular profile you may need to active it (the profiles "dev" are currently active).

2017-01-16 17:52:13.710  INFO 5288 --- [main] com.cnotes.CommonDataServiceApplication  : Starting CommonDataServiceApplication on PC201503122008 with PID 5288 (D:\CNotesCode\CommonDataService\target\classes started by Administrator in D:\CNotesCode\CommonDataService)
2017-01-16 17:52:13.714 DEBUG 5288 --- [main] com.cnotes.CommonDataServiceApplication  : Running with Spring Boot v1.4.3.RELEASE, Spring v4.3.5.RELEASE
2017-01-16 17:52:13.714  INFO 5288 --- [main] com.cnotes.CommonDataServiceApplication  : The following profiles are active: dev
2017-01-16 17:52:13.799  INFO 5288 --- [main] s.c.a.AnnotationConfigApplicationContext : Refreshing org.springframework.context.annotation.AnnotationConfigApplicationContext@2c78324b: startup date [Mon Jan 16 17:52:13 CST 2017]; root of context hierarchy
2017-01-16 17:52:14.571  INFO 5288 --- [main] .s.d.r.c.RepositoryConfigurationDelegate : Multiple Spring Data modules found, entering strict repository configuration mode!
2017-01-16 17:52:14.664  INFO 5288 --- [main] .s.d.r.c.RepositoryConfigurationDelegate : Multiple Spring Data modules found, entering strict repository configuration mode!
2017-01-16 17:52:15.028  WARN 5288 --- [main] s.c.a.AnnotationConfigApplicationContext : Exception encountered during context initialization - cancelling refresh attempt: org.springframework.beans.factory.UnsatisfiedDependencyException: Error creating bean with name 'org.springframework.boot.autoconfigure.orm.jpa.HibernateJpaAutoConfiguration': Unsatisfied dependency expressed through constructor parameter 0; nested exception is org.springframework.beans.factory.BeanCreationException: Error creating bean with name 'dataSource' defined in class path resource [org/springframework/boot/autoconfigure/jdbc/DataSourceConfiguration$Tomcat.class]: Bean instantiation via factory method failed; nested exception is org.springframework.beans.BeanInstantiationException: Failed to instantiate [org.apache.tomcat.jdbc.pool.DataSource]: Factory method 'dataSource' threw exception; nested exception is org.springframework.boot.autoconfigure.jdbc.DataSourceProperties$DataSourceBeanCreationException: Cannot determine embedded database driver class for database type NONE. If you want an embedded database please put a supported one on the classpath. If you have database settings to be loaded from a particular profile you may need to active it (the profiles "dev" are currently active).
2017-01-16 17:52:15.038  INFO 5288 --- [main] utoConfigurationReportLoggingInitializer : 

Error starting ApplicationContext. To display the auto-configuration report re-run your application with 'debug' enabled.
2017-01-16 17:52:15.043 ERROR 5288 --- [main] o.s.b.d.LoggingFailureAnalysisReporter   : 

***************************
APPLICATION FAILED TO START
***************************

Description:

Cannot determine embedded database driver class for database type NONE

Action:

If you want an embedded database please put a supported one on the classpath. If you have database settings to be loaded from a particular profile you may need to active it (the profiles "dev" are currently active).

2017-01-16 17:52:22.500  INFO 16316 --- [main] com.cnotes.CommonDataServiceApplication  : Starting CommonDataServiceApplication on PC201503122008 with PID 16316 (D:\CNotesCode\CommonDataService\target\classes started by Administrator in D:\CNotesCode\CommonDataService)
2017-01-16 17:52:22.503 DEBUG 16316 --- [main] com.cnotes.CommonDataServiceApplication  : Running with Spring Boot v1.4.3.RELEASE, Spring v4.3.5.RELEASE
2017-01-16 17:52:22.504  INFO 16316 --- [main] com.cnotes.CommonDataServiceApplication  : The following profiles are active: dev
2017-01-16 17:52:22.564  INFO 16316 --- [main] s.c.a.AnnotationConfigApplicationContext : Refreshing org.springframework.context.annotation.AnnotationConfigApplicationContext@909217e: startup date [Mon Jan 16 17:52:22 CST 2017]; root of context hierarchy
2017-01-16 17:52:23.838  INFO 16316 --- [main] org.mongodb.driver.cluster               : Cluster created with settings {hosts=[localhost:27017], mode=MULTIPLE, requiredClusterType=UNKNOWN, serverSelectionTimeout='30000 ms', maxWaitQueueSize=500}
2017-01-16 17:52:23.839  INFO 16316 --- [main] org.mongodb.driver.cluster               : Adding discovered server localhost:27017 to client view of cluster
2017-01-16 17:52:24.161  INFO 16316 --- [main] o.s.j.e.a.AnnotationMBeanExporter        : Registering beans for JMX exposure on startup
2017-01-16 17:52:24.192  INFO 16316 --- [main] com.cnotes.CommonDataServiceApplication  : Started CommonDataServiceApplication in 2.129 seconds (JVM running for 2.523)
2017-01-16 17:52:24.194  INFO 16316 --- [Thread-1] s.c.a.AnnotationConfigApplicationContext : Closing org.springframework.context.annotation.AnnotationConfigApplicationContext@909217e: startup date [Mon Jan 16 17:52:22 CST 2017]; root of context hierarchy
2017-01-16 17:52:24.197  INFO 16316 --- [Thread-1] o.s.j.e.a.AnnotationMBeanExporter        : Unregistering JMX-exposed beans on shutdown
2017-01-16 17:52:48.906  INFO 1556 --- [main] com.cnotes.CommonDataServiceApplication  : Starting CommonDataServiceApplication on PC201503122008 with PID 1556 (D:\CNotesCode\CommonDataService\target\classes started by Administrator in D:\CNotesCode\CommonDataService)
2017-01-16 17:52:48.909 DEBUG 1556 --- [main] com.cnotes.CommonDataServiceApplication  : Running with Spring Boot v1.4.3.RELEASE, Spring v4.3.5.RELEASE
2017-01-16 17:52:48.910  INFO 1556 --- [main] com.cnotes.CommonDataServiceApplication  : The following profiles are active: dev
2017-01-16 17:52:48.983  INFO 1556 --- [main] s.c.a.AnnotationConfigApplicationContext : Refreshing org.springframework.context.annotation.AnnotationConfigApplicationContext@50f6ac94: startup date [Mon Jan 16 17:52:48 CST 2017]; root of context hierarchy
2017-01-16 17:52:50.062  INFO 1556 --- [main] org.mongodb.driver.cluster               : Cluster created with settings {hosts=[localhost:27017], mode=MULTIPLE, requiredClusterType=UNKNOWN, serverSelectionTimeout='30000 ms', maxWaitQueueSize=500}
2017-01-16 17:52:50.063  INFO 1556 --- [main] org.mongodb.driver.cluster               : Adding discovered server localhost:27017 to client view of cluster
2017-01-16 17:52:50.350  INFO 1556 --- [main] o.s.j.e.a.AnnotationMBeanExporter        : Registering beans for JMX exposure on startup
2017-01-16 17:52:50.355  INFO 1556 --- [cluster-ClusterId{value='587c97f26c7d730614bcbc08', description='null'}-localhost:27017] org.mongodb.driver.connection            : Opened connection [connectionId{localValue:1, serverValue:8}] to localhost:27017
2017-01-16 17:52:50.356  INFO 1556 --- [cluster-ClusterId{value='587c97f26c7d730614bcbc08', description='null'}-localhost:27017] org.mongodb.driver.cluster               : Monitor thread successfully connected to server with description ServerDescription{address=localhost:27017, type=STANDALONE, state=CONNECTED, ok=true, version=ServerVersion{versionList=[3, 2, 5]}, minWireVersion=0, maxWireVersion=4, maxDocumentSize=16777216, roundTripTimeNanos=525730}
2017-01-16 17:52:50.357  INFO 1556 --- [cluster-ClusterId{value='587c97f26c7d730614bcbc08', description='null'}-localhost:27017] org.mongodb.driver.cluster               : Discovered cluster type of STANDALONE
2017-01-16 17:52:50.362  INFO 1556 --- [main] com.cnotes.CommonDataServiceApplication  : Started CommonDataServiceApplication in 1.887 seconds (JVM running for 2.344)
2017-01-16 17:52:50.363  INFO 1556 --- [Thread-1] s.c.a.AnnotationConfigApplicationContext : Closing org.springframework.context.annotation.AnnotationConfigApplicationContext@50f6ac94: startup date [Mon Jan 16 17:52:48 CST 2017]; root of context hierarchy
2017-01-16 17:52:50.366  INFO 1556 --- [Thread-1] o.s.j.e.a.AnnotationMBeanExporter        : Unregistering JMX-exposed beans on shutdown
2017-01-16 17:53:51.289  INFO 4884 --- [main] com.cnotes.CommonDataServiceApplication  : Starting CommonDataServiceApplication on PC201503122008 with PID 4884 (D:\CNotesCode\CommonDataService\target\classes started by Administrator in D:\CNotesCode\CommonDataService)
2017-01-16 17:53:51.294 DEBUG 4884 --- [main] com.cnotes.CommonDataServiceApplication  : Running with Spring Boot v1.4.3.RELEASE, Spring v4.3.5.RELEASE
2017-01-16 17:53:51.294  INFO 4884 --- [main] com.cnotes.CommonDataServiceApplication  : The following profiles are active: dev
2017-01-16 17:53:51.387  INFO 4884 --- [main] s.c.a.AnnotationConfigApplicationContext : Refreshing org.springframework.context.annotation.AnnotationConfigApplicationContext@cb0755b: startup date [Mon Jan 16 17:53:51 CST 2017]; root of context hierarchy
2017-01-16 17:53:52.590  INFO 4884 --- [main] org.mongodb.driver.cluster               : Cluster created with settings {hosts=[localhost:27017], mode=MULTIPLE, requiredClusterType=UNKNOWN, serverSelectionTimeout='30000 ms', maxWaitQueueSize=500}
2017-01-16 17:53:52.591  INFO 4884 --- [main] org.mongodb.driver.cluster               : Adding discovered server localhost:27017 to client view of cluster
2017-01-16 17:53:52.893  INFO 4884 --- [main] o.s.j.e.a.AnnotationMBeanExporter        : Registering beans for JMX exposure on startup
2017-01-16 17:53:52.898  INFO 4884 --- [cluster-ClusterId{value='587c98306c7d731314942874', description='null'}-localhost:27017] org.mongodb.driver.connection            : Opened connection [connectionId{localValue:1, serverValue:9}] to localhost:27017
2017-01-16 17:53:52.899  INFO 4884 --- [cluster-ClusterId{value='587c98306c7d731314942874', description='null'}-localhost:27017] org.mongodb.driver.cluster               : Monitor thread successfully connected to server with description ServerDescription{address=localhost:27017, type=STANDALONE, state=CONNECTED, ok=true, version=ServerVersion{versionList=[3, 2, 5]}, minWireVersion=0, maxWireVersion=4, maxDocumentSize=16777216, roundTripTimeNanos=428510}
2017-01-16 17:53:52.900  INFO 4884 --- [cluster-ClusterId{value='587c98306c7d731314942874', description='null'}-localhost:27017] org.mongodb.driver.cluster               : Discovered cluster type of STANDALONE
2017-01-16 17:53:52.907  INFO 4884 --- [main] com.cnotes.CommonDataServiceApplication  : Started CommonDataServiceApplication in 2.054 seconds (JVM running for 2.47)
2017-01-16 17:53:52.908  INFO 4884 --- [Thread-1] s.c.a.AnnotationConfigApplicationContext : Closing org.springframework.context.annotation.AnnotationConfigApplicationContext@cb0755b: startup date [Mon Jan 16 17:53:51 CST 2017]; root of context hierarchy
2017-01-16 17:53:52.911  INFO 4884 --- [Thread-1] o.s.j.e.a.AnnotationMBeanExporter        : Unregistering JMX-exposed beans on shutdown
2017-01-16 17:54:10.893  INFO 11120 --- [main] com.cnotes.CommonDataServiceApplication  : Starting CommonDataServiceApplication on PC201503122008 with PID 11120 (D:\CNotesCode\CommonDataService\target\classes started by Administrator in D:\CNotesCode\CommonDataService)
2017-01-16 17:54:10.899 DEBUG 11120 --- [main] com.cnotes.CommonDataServiceApplication  : Running with Spring Boot v1.4.3.RELEASE, Spring v4.3.5.RELEASE
2017-01-16 17:54:10.899  INFO 11120 --- [main] com.cnotes.CommonDataServiceApplication  : The following profiles are active: dev
2017-01-16 17:54:10.981  INFO 11120 --- [main] s.c.a.AnnotationConfigApplicationContext : Refreshing org.springframework.context.annotation.AnnotationConfigApplicationContext@28194a50: startup date [Mon Jan 16 17:54:10 CST 2017]; root of context hierarchy
2017-01-16 17:54:12.087  INFO 11120 --- [main] org.mongodb.driver.cluster               : Cluster created with settings {hosts=[localhost:27017], mode=MULTIPLE, requiredClusterType=UNKNOWN, serverSelectionTimeout='30000 ms', maxWaitQueueSize=500}
2017-01-16 17:54:12.087  INFO 11120 --- [main] org.mongodb.driver.cluster               : Adding discovered server localhost:27017 to client view of cluster
2017-01-16 17:54:12.372  INFO 11120 --- [cluster-ClusterId{value='587c98446c7d732b70959df8', description='null'}-localhost:27017] org.mongodb.driver.connection            : Opened connection [connectionId{localValue:1, serverValue:10}] to localhost:27017
2017-01-16 17:54:12.374  INFO 11120 --- [cluster-ClusterId{value='587c98446c7d732b70959df8', description='null'}-localhost:27017] org.mongodb.driver.cluster               : Monitor thread successfully connected to server with description ServerDescription{address=localhost:27017, type=STANDALONE, state=CONNECTED, ok=true, version=ServerVersion{versionList=[3, 2, 5]}, minWireVersion=0, maxWireVersion=4, maxDocumentSize=16777216, roundTripTimeNanos=828510}
2017-01-16 17:54:12.375  INFO 11120 --- [cluster-ClusterId{value='587c98446c7d732b70959df8', description='null'}-localhost:27017] org.mongodb.driver.cluster               : Discovered cluster type of STANDALONE
2017-01-16 17:54:12.383  INFO 11120 --- [main] o.s.j.e.a.AnnotationMBeanExporter        : Registering beans for JMX exposure on startup
2017-01-16 17:54:12.396  INFO 11120 --- [main] com.cnotes.CommonDataServiceApplication  : Started CommonDataServiceApplication in 1.956 seconds (JVM running for 2.356)
2017-01-16 17:54:12.398  INFO 11120 --- [Thread-1] s.c.a.AnnotationConfigApplicationContext : Closing org.springframework.context.annotation.AnnotationConfigApplicationContext@28194a50: startup date [Mon Jan 16 17:54:10 CST 2017]; root of context hierarchy
2017-01-16 17:54:12.402  INFO 11120 --- [Thread-1] o.s.j.e.a.AnnotationMBeanExporter        : Unregistering JMX-exposed beans on shutdown
2017-01-16 17:56:16.036  INFO 10200 --- [main] com.cnotes.CommonDataServiceApplication  : Starting CommonDataServiceApplication on PC201503122008 with PID 10200 (D:\CNotesCode\CommonDataService\target\classes started by Administrator in D:\CNotesCode\CommonDataService)
2017-01-16 17:56:16.040 DEBUG 10200 --- [main] com.cnotes.CommonDataServiceApplication  : Running with Spring Boot v1.4.3.RELEASE, Spring v4.3.5.RELEASE
2017-01-16 17:56:16.041  INFO 10200 --- [main] com.cnotes.CommonDataServiceApplication  : The following profiles are active: dev
2017-01-16 17:56:16.108  INFO 10200 --- [main] s.c.a.AnnotationConfigApplicationContext : Refreshing org.springframework.context.annotation.AnnotationConfigApplicationContext@606e4010: startup date [Mon Jan 16 17:56:16 CST 2017]; root of context hierarchy
2017-01-16 17:56:17.235  INFO 10200 --- [main] org.mongodb.driver.cluster               : Cluster created with settings {hosts=[localhost:27017], mode=MULTIPLE, requiredClusterType=UNKNOWN, serverSelectionTimeout='30000 ms', maxWaitQueueSize=500}
2017-01-16 17:56:17.235  INFO 10200 --- [main] org.mongodb.driver.cluster               : Adding discovered server localhost:27017 to client view of cluster
2017-01-16 17:56:17.499  INFO 10200 --- [main] o.s.j.e.a.AnnotationMBeanExporter        : Registering beans for JMX exposure on startup
2017-01-16 17:56:17.515  INFO 10200 --- [main] com.cnotes.CommonDataServiceApplication  : Started CommonDataServiceApplication in 1.889 seconds (JVM running for 2.304)
2017-01-16 17:56:17.517  INFO 10200 --- [Thread-1] s.c.a.AnnotationConfigApplicationContext : Closing org.springframework.context.annotation.AnnotationConfigApplicationContext@606e4010: startup date [Mon Jan 16 17:56:16 CST 2017]; root of context hierarchy
2017-01-16 17:56:17.520  INFO 10200 --- [Thread-1] o.s.j.e.a.AnnotationMBeanExporter        : Unregistering JMX-exposed beans on shutdown
2017-01-16 17:56:22.622  INFO 11972 --- [main] com.cnotes.CommonDataServiceApplication  : Starting CommonDataServiceApplication on PC201503122008 with PID 11972 (D:\CNotesCode\CommonDataService\target\classes started by Administrator in D:\CNotesCode\CommonDataService)
2017-01-16 17:56:22.627 DEBUG 11972 --- [main] com.cnotes.CommonDataServiceApplication  : Running with Spring Boot v1.4.3.RELEASE, Spring v4.3.5.RELEASE
2017-01-16 17:56:22.627  INFO 11972 --- [main] com.cnotes.CommonDataServiceApplication  : The following profiles are active: dev
2017-01-16 17:56:22.703  INFO 11972 --- [main] s.c.a.AnnotationConfigApplicationContext : Refreshing org.springframework.context.annotation.AnnotationConfigApplicationContext@32115b28: startup date [Mon Jan 16 17:56:22 CST 2017]; root of context hierarchy
2017-01-16 17:56:23.789  INFO 11972 --- [main] org.mongodb.driver.cluster               : Cluster created with settings {hosts=[localhost:27017], mode=MULTIPLE, requiredClusterType=UNKNOWN, serverSelectionTimeout='30000 ms', maxWaitQueueSize=500}
2017-01-16 17:56:23.790  INFO 11972 --- [main] org.mongodb.driver.cluster               : Adding discovered server localhost:27017 to client view of cluster
2017-01-16 17:56:24.048  INFO 11972 --- [main] o.s.j.e.a.AnnotationMBeanExporter        : Registering beans for JMX exposure on startup
2017-01-16 17:56:24.062  INFO 11972 --- [main] com.cnotes.CommonDataServiceApplication  : Started CommonDataServiceApplication in 1.885 seconds (JVM running for 2.349)
2017-01-16 17:56:24.063  INFO 11972 --- [Thread-1] s.c.a.AnnotationConfigApplicationContext : Closing org.springframework.context.annotation.AnnotationConfigApplicationContext@32115b28: startup date [Mon Jan 16 17:56:22 CST 2017]; root of context hierarchy
2017-01-16 17:56:24.067  INFO 11972 --- [Thread-1] o.s.j.e.a.AnnotationMBeanExporter        : Unregistering JMX-exposed beans on shutdown
2017-01-16 17:57:05.650  INFO 11448 --- [main] com.cnotes.CommonDataServiceApplication  : Starting CommonDataServiceApplication on PC201503122008 with PID 11448 (D:\CNotesCode\CommonDataService\target\classes started by Administrator in D:\CNotesCode\CommonDataService)
2017-01-16 17:57:05.656 DEBUG 11448 --- [main] com.cnotes.CommonDataServiceApplication  : Running with Spring Boot v1.4.3.RELEASE, Spring v4.3.5.RELEASE
2017-01-16 17:57:05.656  INFO 11448 --- [main] com.cnotes.CommonDataServiceApplication  : The following profiles are active: dev
2017-01-16 17:57:05.723  INFO 11448 --- [main] s.c.a.AnnotationConfigApplicationContext : Refreshing org.springframework.context.annotation.AnnotationConfigApplicationContext@48075da3: startup date [Mon Jan 16 17:57:05 CST 2017]; root of context hierarchy
2017-01-16 17:57:07.010  INFO 11448 --- [main] org.mongodb.driver.cluster               : Cluster created with settings {hosts=[localhost:27017], mode=MULTIPLE, requiredClusterType=UNKNOWN, serverSelectionTimeout='30000 ms', maxWaitQueueSize=500}
2017-01-16 17:57:07.010  INFO 11448 --- [main] org.mongodb.driver.cluster               : Adding discovered server localhost:27017 to client view of cluster
2017-01-16 17:57:07.294  INFO 11448 --- [cluster-ClusterId{value='587c98f36c7d732cb89ae5c1', description='null'}-localhost:27017] org.mongodb.driver.connection            : Opened connection [connectionId{localValue:1, serverValue:13}] to localhost:27017
2017-01-16 17:57:07.295  INFO 11448 --- [cluster-ClusterId{value='587c98f36c7d732cb89ae5c1', description='null'}-localhost:27017] org.mongodb.driver.cluster               : Monitor thread successfully connected to server with description ServerDescription{address=localhost:27017, type=STANDALONE, state=CONNECTED, ok=true, version=ServerVersion{versionList=[3, 2, 5]}, minWireVersion=0, maxWireVersion=4, maxDocumentSize=16777216, roundTripTimeNanos=382323}
2017-01-16 17:57:07.296  INFO 11448 --- [cluster-ClusterId{value='587c98f36c7d732cb89ae5c1', description='null'}-localhost:27017] org.mongodb.driver.cluster               : Discovered cluster type of STANDALONE
2017-01-16 17:57:07.300  INFO 11448 --- [main] o.s.j.e.a.AnnotationMBeanExporter        : Registering beans for JMX exposure on startup
2017-01-16 17:57:07.315  INFO 11448 --- [main] com.cnotes.CommonDataServiceApplication  : Started CommonDataServiceApplication in 2.102 seconds (JVM running for 2.529)
2017-01-16 17:57:07.316  INFO 11448 --- [Thread-1] s.c.a.AnnotationConfigApplicationContext : Closing org.springframework.context.annotation.AnnotationConfigApplicationContext@48075da3: startup date [Mon Jan 16 17:57:05 CST 2017]; root of context hierarchy
2017-01-16 17:57:07.320  INFO 11448 --- [Thread-1] o.s.j.e.a.AnnotationMBeanExporter        : Unregistering JMX-exposed beans on shutdown
2017-01-16 17:58:15.593  INFO 13456 --- [main] com.cnotes.CommonDataServiceApplication  : Starting CommonDataServiceApplication on PC201503122008 with PID 13456 (D:\CNotesCode\CommonDataService\target\classes started by Administrator in D:\CNotesCode\CommonDataService)
2017-01-16 17:58:15.597 DEBUG 13456 --- [main] com.cnotes.CommonDataServiceApplication  : Running with Spring Boot v1.4.3.RELEASE, Spring v4.3.5.RELEASE
2017-01-16 17:58:15.598  INFO 13456 --- [main] com.cnotes.CommonDataServiceApplication  : The following profiles are active: dev
2017-01-16 17:58:15.668  INFO 13456 --- [main] s.c.a.AnnotationConfigApplicationContext : Refreshing org.springframework.context.annotation.AnnotationConfigApplicationContext@6cc4cdb9: startup date [Mon Jan 16 17:58:15 CST 2017]; root of context hierarchy
2017-01-16 17:58:16.830  INFO 13456 --- [main] org.mongodb.driver.cluster               : Cluster created with settings {hosts=[localhost:27017], mode=MULTIPLE, requiredClusterType=UNKNOWN, serverSelectionTimeout='30000 ms', maxWaitQueueSize=500}
2017-01-16 17:58:16.831  INFO 13456 --- [main] org.mongodb.driver.cluster               : Adding discovered server localhost:27017 to client view of cluster
2017-01-16 17:58:17.147  INFO 13456 --- [main] o.s.j.e.a.AnnotationMBeanExporter        : Registering beans for JMX exposure on startup
2017-01-16 17:58:17.149  INFO 13456 --- [cluster-ClusterId{value='587c99386c7d7334903a5baf', description='null'}-localhost:27017] org.mongodb.driver.connection            : Opened connection [connectionId{localValue:1, serverValue:14}] to localhost:27017
2017-01-16 17:58:17.151  INFO 13456 --- [cluster-ClusterId{value='587c99386c7d7334903a5baf', description='null'}-localhost:27017] org.mongodb.driver.cluster               : Monitor thread successfully connected to server with description ServerDescription{address=localhost:27017, type=STANDALONE, state=CONNECTED, ok=true, version=ServerVersion{versionList=[3, 2, 5]}, minWireVersion=0, maxWireVersion=4, maxDocumentSize=16777216, roundTripTimeNanos=531717}
2017-01-16 17:58:17.152  INFO 13456 --- [cluster-ClusterId{value='587c99386c7d7334903a5baf', description='null'}-localhost:27017] org.mongodb.driver.cluster               : Discovered cluster type of STANDALONE
2017-01-16 17:58:17.162  INFO 13456 --- [main] com.cnotes.CommonDataServiceApplication  : Started CommonDataServiceApplication in 2.077 seconds (JVM running for 2.538)
2017-01-16 17:58:17.163  INFO 13456 --- [Thread-1] s.c.a.AnnotationConfigApplicationContext : Closing org.springframework.context.annotation.AnnotationConfigApplicationContext@6cc4cdb9: startup date [Mon Jan 16 17:58:15 CST 2017]; root of context hierarchy
2017-01-16 17:58:17.166  INFO 13456 --- [Thread-1] o.s.j.e.a.AnnotationMBeanExporter        : Unregistering JMX-exposed beans on shutdown
2017-01-16 17:58:23.948  INFO 5828 --- [main] com.cnotes.CommonDataServiceApplication  : Starting CommonDataServiceApplication on PC201503122008 with PID 5828 (D:\CNotesCode\CommonDataService\target\classes started by Administrator in D:\CNotesCode\CommonDataService)
2017-01-16 17:58:23.954 DEBUG 5828 --- [main] com.cnotes.CommonDataServiceApplication  : Running with Spring Boot v1.4.3.RELEASE, Spring v4.3.5.RELEASE
2017-01-16 17:58:23.954  INFO 5828 --- [main] com.cnotes.CommonDataServiceApplication  : The following profiles are active: dev
2017-01-16 17:58:24.029  INFO 5828 --- [main] s.c.a.AnnotationConfigApplicationContext : Refreshing org.springframework.context.annotation.AnnotationConfigApplicationContext@32115b28: startup date [Mon Jan 16 17:58:24 CST 2017]; root of context hierarchy
2017-01-16 17:58:25.223  INFO 5828 --- [main] org.mongodb.driver.cluster               : Cluster created with settings {hosts=[localhost:27017], mode=MULTIPLE, requiredClusterType=UNKNOWN, serverSelectionTimeout='30000 ms', maxWaitQueueSize=500}
2017-01-16 17:58:25.224  INFO 5828 --- [main] org.mongodb.driver.cluster               : Adding discovered server localhost:27017 to client view of cluster
2017-01-16 17:58:25.533  INFO 5828 --- [main] o.s.j.e.a.AnnotationMBeanExporter        : Registering beans for JMX exposure on startup
2017-01-16 17:58:25.540  INFO 5828 --- [cluster-ClusterId{value='587c99416c7d7316c4e2a012', description='null'}-localhost:27017] org.mongodb.driver.connection            : Opened connection [connectionId{localValue:1, serverValue:15}] to localhost:27017
2017-01-16 17:58:25.541  INFO 5828 --- [cluster-ClusterId{value='587c99416c7d7316c4e2a012', description='null'}-localhost:27017] org.mongodb.driver.cluster               : Monitor thread successfully connected to server with description ServerDescription{address=localhost:27017, type=STANDALONE, state=CONNECTED, ok=true, version=ServerVersion{versionList=[3, 2, 5]}, minWireVersion=0, maxWireVersion=4, maxDocumentSize=16777216, roundTripTimeNanos=728153}
2017-01-16 17:58:25.542  INFO 5828 --- [cluster-ClusterId{value='587c99416c7d7316c4e2a012', description='null'}-localhost:27017] org.mongodb.driver.cluster               : Discovered cluster type of STANDALONE
2017-01-16 17:58:25.547  INFO 5828 --- [main] com.cnotes.CommonDataServiceApplication  : Started CommonDataServiceApplication in 2.014 seconds (JVM running for 2.457)
2017-01-16 17:58:25.548  INFO 5828 --- [Thread-1] s.c.a.AnnotationConfigApplicationContext : Closing org.springframework.context.annotation.AnnotationConfigApplicationContext@32115b28: startup date [Mon Jan 16 17:58:24 CST 2017]; root of context hierarchy
2017-01-16 17:58:25.551  INFO 5828 --- [Thread-1] o.s.j.e.a.AnnotationMBeanExporter        : Unregistering JMX-exposed beans on shutdown
2017-01-16 17:59:41.741  INFO 12184 --- [main] com.cnotes.CommonDataServiceApplication  : Starting CommonDataServiceApplication on PC201503122008 with PID 12184 (D:\CNotesCode\CommonDataService\target\classes started by Administrator in D:\CNotesCode\CommonDataService)
2017-01-16 17:59:41.745 DEBUG 12184 --- [main] com.cnotes.CommonDataServiceApplication  : Running with Spring Boot v1.4.3.RELEASE, Spring v4.3.5.RELEASE
2017-01-16 17:59:41.745  INFO 12184 --- [main] com.cnotes.CommonDataServiceApplication  : The following profiles are active: dev
2017-01-16 17:59:41.818  INFO 12184 --- [main] s.c.a.AnnotationConfigApplicationContext : Refreshing org.springframework.context.annotation.AnnotationConfigApplicationContext@6caf0677: startup date [Mon Jan 16 17:59:41 CST 2017]; root of context hierarchy
2017-01-16 17:59:42.908  INFO 12184 --- [main] org.mongodb.driver.cluster               : Cluster created with settings {hosts=[localhost:27017], mode=MULTIPLE, requiredClusterType=UNKNOWN, serverSelectionTimeout='30000 ms', maxWaitQueueSize=500}
2017-01-16 17:59:42.909  INFO 12184 --- [main] org.mongodb.driver.cluster               : Adding discovered server localhost:27017 to client view of cluster
2017-01-16 17:59:43.228  INFO 12184 --- [main] o.s.j.e.a.AnnotationMBeanExporter        : Registering beans for JMX exposure on startup
2017-01-16 17:59:43.244  INFO 12184 --- [main] com.cnotes.CommonDataServiceApplication  : Started CommonDataServiceApplication in 1.926 seconds (JVM running for 2.325)
2017-01-16 17:59:43.246  INFO 12184 --- [Thread-1] s.c.a.AnnotationConfigApplicationContext : Closing org.springframework.context.annotation.AnnotationConfigApplicationContext@6caf0677: startup date [Mon Jan 16 17:59:41 CST 2017]; root of context hierarchy
2017-01-16 17:59:43.250  INFO 12184 --- [cluster-ClusterId{value='587c998e6c7d732f98859c0d', description='null'}-localhost:27017] org.mongodb.driver.connection            : Opened connection [connectionId{localValue:1, serverValue:16}] to localhost:27017
2017-01-16 17:59:43.252  INFO 12184 --- [Thread-1] o.s.j.e.a.AnnotationMBeanExporter        : Unregistering JMX-exposed beans on shutdown
